d:\dll-with-api-changing-string-in-process-memory-master\memorychanginglib\debug\memorychanginglib.pch
d:\dll-with-api-changing-string-in-process-memory-master\memorychanginglib\debug\vc143.pdb
d:\dll-with-api-changing-string-in-process-memory-master\memorychanginglib\debug\vc143.idb
d:\dll-with-api-changing-string-in-process-memory-master\memorychanginglib\debug\pch.obj
d:\dll-with-api-changing-string-in-process-memory-master\memorychanginglib\debug\dllmain.obj
d:\dll-with-api-changing-string-in-process-memory-master\memorychanginglib\debug\memchanger.obj
d:\dll-with-api-changing-string-in-process-memory-master\memorychanginglib\debug\gui.obj
d:\dll-with-api-changing-string-in-process-memory-master\window\debug\memorychanginglib.dll
d:\dll-with-api-changing-string-in-process-memory-master\memorychanginglib\debug\memorychanginglib.ilk
d:\dll-with-api-changing-string-in-process-memory-master\window\debug\memorychanginglib.pdb
f:\coding\c++\osisp_3\window\debug\memorychanginglib.lib
f:\coding\c++\osisp_3\window\debug\memorychanginglib.exp
d:\dll-with-api-changing-string-in-process-memory-master\window\debug\memorychanginglib.lib
d:\dll-with-api-changing-string-in-process-memory-master\window\debug\memorychanginglib.exp
d:\dll-with-api-changing-string-in-process-memory-master\memorychanginglib\debug\vc142.idb
d:\dll-with-api-changing-string-in-process-memory-master\memorychanginglib\debug\vc142.pdb
d:\dll-with-api-changing-string-in-process-memory-master\memorychanginglib\debug\memorych.5e25c2bc.tlog\cl.command.1.tlog
d:\dll-with-api-changing-string-in-process-memory-master\memorychanginglib\debug\memorych.5e25c2bc.tlog\cl.read.1.tlog
d:\dll-with-api-changing-string-in-process-memory-master\memorychanginglib\debug\memorych.5e25c2bc.tlog\cl.write.1.tlog
d:\dll-with-api-changing-string-in-process-memory-master\memorychanginglib\debug\memorych.5e25c2bc.tlog\link.9976.delete.1.tlog
d:\dll-with-api-changing-string-in-process-memory-master\memorychanginglib\debug\memorych.5e25c2bc.tlog\link.command.1.tlog
d:\dll-with-api-changing-string-in-process-memory-master\memorychanginglib\debug\memorych.5e25c2bc.tlog\link.delete.1.tlog
d:\dll-with-api-changing-string-in-process-memory-master\memorychanginglib\debug\memorych.5e25c2bc.tlog\link.read.1.tlog
d:\dll-with-api-changing-string-in-process-memory-master\memorychanginglib\debug\memorych.5e25c2bc.tlog\link.write.1.tlog
d:\dll-with-api-changing-string-in-process-memory-master\memorychanginglib\debug\memorych.5e25c2bc.tlog\memorychanginglib.write.1u.tlog
